# JRE version: OpenJDK Runtime Environment (8.0_152-b06) (build 1.8.0_152-release-1136-b06)
# Java VM: OpenJDK 64-Bit Server VM (25.152-b06 mixed mode windows-amd64 compressed oops)
Heap:
 PSYoungGen      total 494080K, used 179801K [0x00000000e0000000, 0x00000000ffe80000, 0x0000000100000000)
  eden space 466432K, 35% used [0x00000000e0000000,0x00000000ea0f2fd0,0x00000000fc780000)
  from space 27648K, 54% used [0x00000000fe380000,0x00000000ff223660,0x00000000ffe80000)
  to   space 28160K, 0% used [0x00000000fc780000,0x00000000fc780000,0x00000000fe300000)
 ParOldGen       total 255488K, used 89257K [0x00000000a0000000, 0x00000000af980000, 0x00000000e0000000)
  object space 255488K, 34% used [0x00000000a0000000,0x00000000a572a7b0,0x00000000af980000)
 Metaspace       used 97385K, capacity 102620K, committed 102732K, reserved 1138688K
  class space    used 12059K, capacity 13081K, committed 13184K, reserved 1048576K
GC Heap History (10 events):
Event: 845.353 GC heap before
{Heap before GC invocations=30 (full 4):
 PSYoungGen      total 492032K, used 474094K [0x00000000e0000000, 0x0000000100000000, 0x0000000100000000)
  eden space 459776K, 99% used [0x00000000e0000000,0x00000000fc00ddf0,0x00000000fc100000)
  from space 32256K, 47% used [0x00000000fc100000,0x00000000fcfedac8,0x00000000fe080000)
  to   space 30720K, 0% used [0x00000000fe200000,0x00000000fe200000,0x0000000100000000)
 ParOldGen       total 255488K, used 89217K [0x00000000a0000000, 0x00000000af980000, 0x00000000e0000000)
  object space 255488K, 34% used [0x00000000a0000000,0x00000000a57207b0,0x00000000af980000)
 Metaspace       used 95314K, capacity 99726K, committed 100556K, reserved 1136640K
  class space    used 11861K, capacity 12808K, committed 13056K, reserved 1048576K
Event: 845.359 GC heap after
Heap after GC invocations=30 (full 4):
 PSYoungGen      total 488448K, used 16301K [0x00000000e0000000, 0x00000000ffc80000, 0x0000000100000000)
  eden space 461312K, 0% used [0x00000000e0000000,0x00000000e0000000,0x00000000fc280000)
  from space 27136K, 60% used [0x00000000fe200000,0x00000000ff1eb620,0x00000000ffc80000)
  to   space 29696K, 0% used [0x00000000fc280000,0x00000000fc280000,0x00000000fdf80000)
 ParOldGen       total 255488K, used 89225K [0x00000000a0000000, 0x00000000af980000, 0x00000000e0000000)
  object space 255488K, 34% used [0x00000000a0000000,0x00000000a57227b0,0x00000000af980000)
 Metaspace       used 95314K, capacity 99726K, committed 100556K, reserved 1136640K
  class space    used 11861K, capacity 12808K, committed 13056K, reserved 1048576K
}
Event: 1797.041 GC heap before
{Heap before GC invocations=31 (full 4):
 PSYoungGen      total 488448K, used 477613K [0x00000000e0000000, 0x00000000ffc80000, 0x0000000100000000)
  eden space 461312K, 100% used [0x00000000e0000000,0x00000000fc280000,0x00000000fc280000)
  from space 27136K, 60% used [0x00000000fe200000,0x00000000ff1eb620,0x00000000ffc80000)
  to   space 29696K, 0% used [0x00000000fc280000,0x00000000fc280000,0x00000000fdf80000)
 ParOldGen       total 255488K, used 89225K [0x00000000a0000000, 0x00000000af980000, 0x00000000e0000000)
  object space 255488K, 34% used [0x00000000a0000000,0x00000000a57227b0,0x00000000af980000)
 Metaspace       used 96247K, capacity 101024K, committed 101324K, reserved 1138688K
  class space    used 11950K, capacity 12943K, committed 13056K, reserved 1048576K
Event: 1797.050 GC heap after
Heap after GC invocations=31 (full 4):
 PSYoungGen      total 491008K, used 16218K [0x00000000e0000000, 0x0000000100000000, 0x0000000100000000)
  eden space 461312K, 0% used [0x00000000e0000000,0x00000000e0000000,0x00000000fc280000)
  from space 29696K, 54% used [0x00000000fc280000,0x00000000fd256b10,0x00000000fdf80000)
  to   space 28672K, 0% used [0x00000000fe400000,0x00000000fe400000,0x0000000100000000)
 ParOldGen       total 255488K, used 89233K [0x00000000a0000000, 0x00000000af980000, 0x00000000e0000000)
  object space 255488K, 34% used [0x00000000a0000000,0x00000000a57247b0,0x00000000af980000)
 Metaspace       used 96247K, capacity 101024K, committed 101324K, reserved 1138688K
  class space    used 11950K, capacity 12943K, committed 13056K, reserved 1048576K
}
Event: 1797.829 GC heap before
{Heap before GC invocations=32 (full 4):
 PSYoungGen      total 491008K, used 477530K [0x00000000e0000000, 0x0000000100000000, 0x0000000100000000)
  eden space 461312K, 100% used [0x00000000e0000000,0x00000000fc280000,0x00000000fc280000)
  from space 29696K, 54% used [0x00000000fc280000,0x00000000fd256b10,0x00000000fdf80000)
  to   space 28672K, 0% used [0x00000000fe400000,0x00000000fe400000,0x0000000100000000)
 ParOldGen       total 255488K, used 89233K [0x00000000a0000000, 0x00000000af980000, 0x00000000e0000000)
  object space 255488K, 34% used [0x00000000a0000000,0x00000000a57247b0,0x00000000af980000)
 Metaspace       used 96378K, capacity 101286K, committed 101580K, reserved 1138688K
  class space    used 11966K, capacity 12958K, committed 13056K, reserved 1048576K
Event: 1797.837 GC heap after
Heap after GC invocations=32 (full 4):
 PSYoungGen      total 493568K, used 18124K [0x00000000e0000000, 0x00000000fff00000, 0x0000000100000000)
  eden space 465920K, 0% used [0x00000000e0000000,0x00000000e0000000,0x00000000fc700000)
  from space 27648K, 65% used [0x00000000fe400000,0x00000000ff5b31b0,0x00000000fff00000)
  to   space 28672K, 0% used [0x00000000fc700000,0x00000000fc700000,0x00000000fe300000)
 ParOldGen       total 255488K, used 89241K [0x00000000a0000000, 0x00000000af980000, 0x00000000e0000000)
  object space 255488K, 34% used [0x00000000a0000000,0x00000000a57267b0,0x00000000af980000)
 Metaspace       used 96378K, capacity 101286K, committed 101580K, reserved 1138688K
  class space    used 11966K, capacity 12958K, committed 13056K, reserved 1048576K
}
Event: 1898.821 GC heap before
{Heap before GC invocations=33 (full 4):
 PSYoungGen      total 493568K, used 483647K [0x00000000e0000000, 0x00000000fff00000, 0x0000000100000000)
  eden space 465920K, 99% used [0x00000000e0000000,0x00000000fc69ccf8,0x00000000fc700000)
  from space 27648K, 65% used [0x00000000fe400000,0x00000000ff5b31b0,0x00000000fff00000)
  to   space 28672K, 0% used [0x00000000fc700000,0x00000000fc700000,0x00000000fe300000)
 ParOldGen       total 255488K, used 89241K [0x00000000a0000000, 0x00000000af980000, 0x00000000e0000000)
  object space 255488K, 34% used [0x00000000a0000000,0x00000000a57267b0,0x00000000af980000)
 Metaspace       used 96902K, capacity 101808K, committed 102092K, reserved 1138688K
  class space    used 12010K, capacity 12999K, committed 13056K, reserved 1048576K
Event: 1898.835 GC heap after
Heap after GC invocations=33 (full 4):
 PSYoungGen      total 494592K, used 20993K [0x00000000e0000000, 0x0000000100000000, 0x0000000100000000)
  eden space 465920K, 0% used [0x00000000e0000000,0x00000000e0000000,0x00000000fc700000)
  from space 28672K, 73% used [0x00000000fc700000,0x00000000fdb80430,0x00000000fe300000)
  to   space 29184K, 0% used [0x00000000fe380000,0x00000000fe380000,0x0000000100000000)
 ParOldGen       total 255488K, used 89249K [0x00000000a0000000, 0x00000000af980000, 0x00000000e0000000)
  object space 255488K, 34% used [0x00000000a0000000,0x00000000a57287b0,0x00000000af980000)
 Metaspace       used 96902K, capacity 101808K, committed 102092K, reserved 1138688K
  class space    used 12010K, capacity 12999K, committed 13056K, reserved 1048576K
}
Event: 1983.807 GC heap before
{Heap before GC invocations=34 (full 4):
 PSYoungGen      total 494592K, used 486913K [0x00000000e0000000, 0x0000000100000000, 0x0000000100000000)
  eden space 465920K, 100% used [0x00000000e0000000,0x00000000fc700000,0x00000000fc700000)
  from space 28672K, 73% used [0x00000000fc700000,0x00000000fdb80430,0x00000000fe300000)
  to   space 29184K, 0% used [0x00000000fe380000,0x00000000fe380000,0x0000000100000000)
 ParOldGen       total 255488K, used 89249K [0x00000000a0000000, 0x00000000af980000, 0x00000000e0000000)
  object space 255488K, 34% used [0x00000000a0000000,0x00000000a57287b0,0x00000000af980000)
 Metaspace       used 97142K, capacity 102114K, committed 102348K, reserved 1138688K
  class space    used 12035K, capacity 13040K, committed 13056K, reserved 1048576K
Event: 1983.814 GC heap after
Heap after GC invocations=34 (full 4):
 PSYoungGen      total 494080K, used 14989K [0x00000000e0000000, 0x00000000ffe80000, 0x0000000100000000)
  eden space 466432K, 0% used [0x00000000e0000000,0x00000000e0000000,0x00000000fc780000)
  from space 27648K, 54% used [0x00000000fe380000,0x00000000ff223660,0x00000000ffe80000)
  to   space 28160K, 0% used [0x00000000fc780000,0x00000000fc780000,0x00000000fe300000)
 ParOldGen       total 255488K, used 89257K [0x00000000a0000000, 0x00000000af980000, 0x00000000e0000000)
  object space 255488K, 34% used [0x00000000a0000000,0x00000000a572a7b0,0x00000000af980000)
 Metaspace       used 97142K, capacity 102114K, committed 102348K, reserved 1138688K
  class space    used 12035K, capacity 13040K, committed 13056K, reserved 1048576K
}

